2022-01-03 20:55:47,407 -- Clock -- WARNING -- Warning Error 2001: Erreur thread clock : name 'datetime' is not defined
2022-01-03 20:55:47,409 -- Serveur -- INFO -- Server created
2022-01-03 20:55:47,409 -- Serveur -- INFO -- Server now listening
2022-01-03 20:55:52,191 -- Serveur -- INFO -- Connected with 192.168.1.39:58410
2022-01-03 20:55:52,192 -- Serveur -- INFO -- Client -> heatAdd
2022-01-03 20:55:52,196 -- Serveur -- WARNING -- Warning Error 2009: Erreur thread server : Erreur in sockets arguments. -> [Errno 9] Bad file descriptor
2022-01-03 20:56:32,973 -- Clock -- WARNING -- Warning Error 2001: Erreur thread clock : name 'datetime' is not defined
2022-01-03 20:56:32,974 -- Serveur -- INFO -- Server created
2022-01-03 20:56:32,975 -- Serveur -- INFO -- Server now listening
2022-01-03 20:56:37,097 -- Serveur -- INFO -- Connected with 192.168.1.39:53997
2022-01-03 20:56:37,098 -- Serveur -- INFO -- Client -> heatAdd
2022-01-03 20:56:37,104 -- Serveur -- WARNING -- Warning Error 2009: Erreur thread server : Erreur in sockets arguments. -> [Errno 9] Bad file descriptor
2022-01-03 20:56:55,532 -- Clock -- WARNING -- Warning Error 2001: Erreur thread clock : name 'datetime' is not defined
2022-01-03 20:56:55,533 -- Serveur -- INFO -- Server created
2022-01-03 20:56:55,534 -- Serveur -- INFO -- Server now listening
2022-01-03 20:57:02,111 -- Serveur -- INFO -- Connected with 192.168.1.39:59394
2022-01-03 20:57:02,112 -- Serveur -- INFO -- Client -> heatAdd
2022-01-03 20:57:02,118 -- Serveur -- WARNING -- Warning Error 2009: Erreur thread server : Erreur in sockets arguments. -> [Errno 9] Bad file descriptor
2022-01-03 20:58:12,947 -- Serveur -- INFO -- Server created
2022-01-03 20:58:12,948 -- Serveur -- INFO -- Server now listening
2022-01-03 20:58:41,931 -- Serveur -- INFO -- Connected with 192.168.1.39:56418
2022-01-03 20:58:41,931 -- Serveur -- INFO -- Client -> heatAdd
2022-01-03 20:58:41,937 -- Serveur -- WARNING -- Warning Error 2009: Erreur thread server : Erreur in sockets arguments. -> [Errno 9] Bad file descriptor
